<?xml version="1.0" encoding="UTF-8"?>
<testsuite xmlns:xsi="http://www.w3.org/2001/XMLSchema-instance" xsi:noNamespaceSchemaLocation="https://maven.apache.org/surefire/maven-surefire-plugin/xsd/surefire-test-report-3.0.xsd" version="3.0" name="com.pp_labs.lab_02.MainTest" time="0.054" tests="4" errors="0" skipped="0" failures="0">
  <properties>
[...]
</properties>
  <testcase name="testFindEmployeeByName_CaseInsensitiveSearch" classname="com.pp_labs.lab_02.MainTest" time="0.024"/>
  <testcase name="testFindEmployeeByName_EmployeeExists" classname="com.pp_labs.lab_02.MainTest" time="0.002"/>
  <testcase name="testPopulateEmployeeList" classname="com.pp_labs.lab_02.MainTest" time="0.002"/>
  <testcase name="testFindEmployeeByName_EmployeeDoesNotExist" classname="com.pp_labs.lab_02.MainTest" time="0.001"/>
</testsuite>